<?xml version="1.0" encoding="UTF-8"?>
<!-- Generated by org.testng.reporters.JUnitXMLReporter -->
<testsuite ignored="0" hostname="Rv-Prasad" failures="1" tests="3" name="Test" time="47.096" errors="0" timestamp="2020-09-14T17:37:09 IST">
  <testcase classname="com.qa.realtimeproject.Tests.HomeTestTest" name="Enterdeatils" time="0.164">
    <failure type="java.lang.NullPointerException">
      <![CDATA[java.lang.NullPointerException
at com.qa.realtimeproject.Tests.HomeTestTest.Enterdeatils(HomeTestTest.java:47)
at java.base/java.util.ArrayList.forEach(ArrayList.java:1511)
... Removed 27 stack frames]]>
    </failure>
  </testcase> <!-- Enterdeatils -->
  <testcase classname="com.qa.realtimeproject.Tests.HomeTestTest" name="Testcasetovalidatelogo" time="1.61"/>
  <testcase classname="com.qa.realtimeproject.Tests.HomeTestTest" name="loginbtntexttest" time="0.166"/>
</testsuite> <!-- Test -->
