<?xml version="1.0" encoding="UTF-8"?>
<testng-results ignored="0" total="2" passed="1" failed="1" skipped="0">
  <reporter-output>
  </reporter-output>
  <suite started-at="2020-09-14T17:37:40 IST" name="Default suite" finished-at="2020-09-14T17:38:08 IST" duration-ms="27520">
    <groups>
    </groups>
    <test started-at="2020-09-14T17:37:40 IST" name="Default test" finished-at="2020-09-14T17:38:08 IST" duration-ms="27520">
      <class name="com.qa.realtimeproject.Tests.HomeTestTest">
        <test-method is-config="true" signature="setup()[pri:0, instance:com.qa.realtimeproject.Tests.HomeTestTest@4efbca5a]" started-at="2020-09-14T17:37:40 IST" name="setup" finished-at="2020-09-14T17:37:51 IST" duration-ms="10646" status="PASS">
          <reporter-output>
          </reporter-output>
        </test-method> <!-- setup -->
        <test-method signature="Enterdeatils()[pri:0, instance:com.qa.realtimeproject.Tests.HomeTestTest@4efbca5a]" started-at="2020-09-14T17:37:51 IST" name="Enterdeatils" finished-at="2020-09-14T17:37:51 IST" duration-ms="224" status="FAIL">
          <exception class="java.lang.NullPointerException">
            <full-stacktrace>
              <![CDATA[java.lang.NullPointerException
at com.qa.realtimeproject.Tests.HomeTestTest.Enterdeatils(HomeTestTest.java:47)
at java.base/jdk.internal.reflect.NativeMethodAccessorImpl.invoke0(Native Method)
at java.base/jdk.internal.reflect.NativeMethodAccessorImpl.invoke(NativeMethodAccessorImpl.java:62)
at java.base/jdk.internal.reflect.DelegatingMethodAccessorImpl.invoke(DelegatingMethodAccessorImpl.java:43)
at java.base/java.lang.reflect.Method.invoke(Method.java:564)
at org.testng.internal.MethodInvocationHelper.invokeMethod(MethodInvocationHelper.java:134)
at org.testng.internal.TestInvoker.invokeMethod(TestInvoker.java:597)
at org.testng.internal.TestInvoker.invokeTestMethod(TestInvoker.java:173)
at org.testng.internal.MethodRunner.runInSequence(MethodRunner.java:46)
at org.testng.internal.TestInvoker$MethodInvocationAgent.invoke(TestInvoker.java:816)
at org.testng.internal.TestInvoker.invokeTestMethods(TestInvoker.java:146)
at org.testng.internal.TestMethodWorker.invokeTestMethods(TestMethodWorker.java:146)
at org.testng.internal.TestMethodWorker.run(TestMethodWorker.java:128)
at java.base/java.util.ArrayList.forEach(ArrayList.java:1511)
at org.testng.TestRunner.privateRun(TestRunner.java:766)
at org.testng.TestRunner.run(TestRunner.java:587)
at org.testng.SuiteRunner.runTest(SuiteRunner.java:384)
at org.testng.SuiteRunner.runSequentially(SuiteRunner.java:378)
at org.testng.SuiteRunner.privateRun(SuiteRunner.java:337)
at org.testng.SuiteRunner.run(SuiteRunner.java:286)
at org.testng.SuiteRunnerWorker.runSuite(SuiteRunnerWorker.java:53)
at org.testng.SuiteRunnerWorker.run(SuiteRunnerWorker.java:96)
at org.testng.TestNG.runSuitesSequentially(TestNG.java:1187)
at org.testng.TestNG.runSuitesLocally(TestNG.java:1109)
at org.testng.TestNG.runSuites(TestNG.java:1039)
at org.testng.TestNG.run(TestNG.java:1007)
at org.testng.remote.AbstractRemoteTestNG.run(AbstractRemoteTestNG.java:115)
at org.testng.remote.RemoteTestNG.initAndRun(RemoteTestNG.java:251)
at org.testng.remote.RemoteTestNG.main(RemoteTestNG.java:77)
]]>
            </full-stacktrace>
          </exception> <!-- java.lang.NullPointerException -->
          <reporter-output>
          </reporter-output>
        </test-method> <!-- Enterdeatils -->
        <test-method is-config="true" signature="tear()[pri:0, instance:com.qa.realtimeproject.Tests.HomeTestTest@4efbca5a]" started-at="2020-09-14T17:37:51 IST" name="tear" finished-at="2020-09-14T17:37:52 IST" duration-ms="734" status="PASS">
          <reporter-output>
          </reporter-output>
        </test-method> <!-- tear -->
        <test-method is-config="true" signature="setup()[pri:0, instance:com.qa.realtimeproject.Tests.HomeTestTest@4efbca5a]" started-at="2020-09-14T17:37:52 IST" name="setup" finished-at="2020-09-14T17:38:07 IST" duration-ms="15138" status="PASS">
          <reporter-output>
          </reporter-output>
        </test-method> <!-- setup -->
        <test-method signature="loginbtntexttest()[pri:0, instance:com.qa.realtimeproject.Tests.HomeTestTest@4efbca5a]" started-at="2020-09-14T17:38:07 IST" name="loginbtntexttest" finished-at="2020-09-14T17:38:07 IST" duration-ms="56" status="PASS">
          <reporter-output>
          </reporter-output>
        </test-method> <!-- loginbtntexttest -->
        <test-method is-config="true" signature="tear()[pri:0, instance:com.qa.realtimeproject.Tests.HomeTestTest@4efbca5a]" started-at="2020-09-14T17:38:07 IST" name="tear" finished-at="2020-09-14T17:38:08 IST" duration-ms="673" status="PASS">
          <reporter-output>
          </reporter-output>
        </test-method> <!-- tear -->
      </class> <!-- com.qa.realtimeproject.Tests.HomeTestTest -->
    </test> <!-- Default test -->
  </suite> <!-- Default suite -->
</testng-results>
