<?xml version="1.0" encoding="UTF-8"?>
<testng-results ignored="0" total="1" passed="1" failed="0" skipped="0">
  <reporter-output>
  </reporter-output>
  <suite started-at="2020-09-05T10:14:31 IST" name="Default suite" finished-at="2020-09-05T10:14:58 IST" duration-ms="27655">
    <groups>
    </groups>
    <test started-at="2020-09-05T10:14:31 IST" name="Default test" finished-at="2020-09-05T10:14:58 IST" duration-ms="27655">
      <class name="pack3.FailTcsrc$CaptureScreenshot">
        <test-method signature="captureScreenMethod()[pri:0, instance:pack3.FailTcsrc$CaptureScreenshot@7ea37dbf]" started-at="2020-09-05T10:14:31 IST" name="captureScreenMethod" finished-at="2020-09-05T10:14:58 IST" duration-ms="27615" status="PASS">
          <reporter-output>
          </reporter-output>
        </test-method> <!-- captureScreenMethod -->
      </class> <!-- pack3.FailTcsrc$CaptureScreenshot -->
    </test> <!-- Default test -->
  </suite> <!-- Default suite -->
</testng-results>
